<?xml version="1.0" encoding="UTF-8"?>
<!-- Generated by org.testng.reporters.JUnitReportReporter -->
<testsuite hostname="swati" name="testngpros.NewExample" tests="1" failures="0" timestamp="11 Apr 2020 11:45:49 GMT" time="6.017" errors="0">
  <testcase name="setUp" time="6.017" classname="testngpros.NewExample"/>
</testsuite> <!-- testngpros.NewExample -->
