<?xml version="1.0" encoding="UTF-8"?>
<!-- Generated by org.testng.reporters.JUnitReportReporter -->
<testsuite hostname="swati" name="testngpros.SundayEx" tests="3" failures="0" timestamp="12 Apr 2020 09:44:31 GMT" time="0.007" errors="0">
  <testcase name="BillPayements" time="0.003" classname="testngpros.SundayEx"/>
  <testcase name="PrepaidRecharge" time="0.002" classname="testngpros.SundayEx"/>
  <testcase name="FundTransfer" time="0.002" classname="testngpros.SundayEx"/>
</testsuite> <!-- testngpros.SundayEx -->
