<?xml version="1.0" encoding="UTF-8"?>
<!-- Generated by org.testng.reporters.JUnitReportReporter -->
<testsuite hostname="swati" name="testngpros.SundayEx1" tests="2" failures="0" timestamp="12 Apr 2020 09:44:31 GMT" time="0.026" errors="0">
  <testcase name="AdvancedSearch" time="0.005" classname="testngpros.SundayEx1"/>
  <testcase name="Search" time="0.021" classname="testngpros.SundayEx1"/>
</testsuite> <!-- testngpros.SundayEx1 -->
