<?xml version="1.0" encoding="UTF-8"?>
<!-- Generated by org.testng.reporters.JUnitReportReporter -->
<testsuite hostname="swati" name="testngpros.NewTest1" tests="1" failures="0" timestamp="9 Apr 2020 12:45:58 GMT" time="0.003" errors="0">
  <testcase name="sum" time="0.003" classname="testngpros.NewTest1"/>
</testsuite> <!-- testngpros.NewTest1 -->
