<?xml version="1.0" encoding="UTF-8"?>
<!-- Generated by org.testng.reporters.JUnitReportReporter -->
<testsuite hostname="swati" name="testngpros.Datadriven" tests="4" failures="0" timestamp="13 Apr 2020 04:52:08 GMT" time="0.018" errors="0">
  <testcase name="add" time="0.012" classname="testngpros.Datadriven"/>
  <testcase name="add" time="0.002" classname="testngpros.Datadriven"/>
  <testcase name="add" time="0.002" classname="testngpros.Datadriven"/>
  <testcase name="add" time="0.002" classname="testngpros.Datadriven"/>
</testsuite> <!-- testngpros.Datadriven -->
