<?xml version="1.0" encoding="UTF-8"?>
<!-- Generated by org.testng.reporters.JUnitReportReporter -->
<testsuite hostname="swati" name="testngpros.ParamTes" tests="1" failures="0" timestamp="11 Apr 2020 05:46:40 GMT" time="0.016" errors="0">
  <testcase name="add" time="0.016" classname="testngpros.ParamTes"/>
</testsuite> <!-- testngpros.ParamTes -->
