<?xml version="1.0" encoding="UTF-8"?>
<!-- Generated by org.testng.reporters.JUnitReportReporter -->
<testsuite hostname="swati" name="testngpros.GroupTest" tests="3" failures="0" timestamp="20 Apr 2020 06:23:08 GMT" time="0.013" errors="0">
  <testcase name="Search" time="0.002" classname="testngpros.GroupTest"/>
  <testcase name="BillPayements" time="0.009" classname="testngpros.GroupTest"/>
  <testcase name="PrepaidRecharge" time="0.002" classname="testngpros.GroupTest"/>
</testsuite> <!-- testngpros.GroupTest -->
