<?xml version="1.0" encoding="UTF-8"?>
<!-- Generated by org.testng.reporters.JUnitReportReporter -->
<testsuite hostname="swati" name="testngpros.GoogleTest" tests="6" failures="0" timestamp="11 Apr 2020 05:46:40 GMT" time="53.014" errors="0">
  <testcase name="logoTest" time="4.623" classname="testngpros.GoogleTest"/>
  <testcase name="googleTitleTest" time="3.937" classname="testngpros.GoogleTest"/>
  <testcase name="test2" time="6.798" classname="testngpros.GoogleTest"/>
  <testcase name="test3" time="5.102" classname="testngpros.GoogleTest"/>
  <testcase name="linkTest" time="7.557" classname="testngpros.GoogleTest"/>
  <testcase name="test1" time="24.997" classname="testngpros.GoogleTest"/>
</testsuite> <!-- testngpros.GoogleTest -->
