<?xml version="1.0" encoding="UTF-8"?>
<!-- Generated by org.testng.reporters.JUnitReportReporter -->
<testsuite hostname="swati" name="testngpros.Samplecode" tests="1" failures="0" timestamp="16 Apr 2020 12:10:45 GMT" time="30.050" errors="0">
  <testcase name="f" time="30.050" classname="testngpros.Samplecode"/>
</testsuite> <!-- testngpros.Samplecode -->
