<?xml version="1.0" encoding="UTF-8"?>
<!-- Generated by org.testng.reporters.JUnitReportReporter -->
<testsuite hostname="swati" name="testngpros.NewTesttimeout" tests="2" failures="0" timestamp="11 Apr 2020 05:22:59 GMT" time="0.005" errors="0">
  <testcase name="test1" time="0.002" classname="testngpros.NewTesttimeout"/>
  <testcase name="test" time="0.003" classname="testngpros.NewTesttimeout"/>
</testsuite> <!-- testngpros.NewTesttimeout -->
